<?xml version="1.0" encoding="UTF-8"?>
<!-- Generated by org.testng.reporters.JUnitXMLReporter -->
<testsuite hostname="LAPTOP-EPO6RUO2" ignored="0" tests="1" failures="1" timestamp="2021-02-05T19:28:12 GMT+05:30" time="2.037" errors="0">
  <testcase name="test1" time="1.686" classname="SampleTest">
    <failure type="java.lang.IllegalStateException" message="The path to the driver executable The path to the driver executable must be set by the webdriver.chrome.driver system property; for more information, see https://github.com/SeleniumHQ/selenium/wiki/ChromeDriver. The latest version can be downloaded from http://chromedriver.storage.googleapis.com/index.html">
      <![CDATA[java.lang.IllegalStateException: The path to the driver executable The path to the driver executable must be set by the webdriver.chrome.driver system property; for more information, see https://github.com/SeleniumHQ/selenium/wiki/ChromeDriver. The latest version can be downloaded from http://chromedriver.storage.googleapis.com/index.html
at org.openqa.selenium.internal.Require$StateChecker.nonNull(Require.java:254)
at org.openqa.selenium.remote.service.DriverService.findExecutable(DriverService.java:142)
at org.openqa.selenium.chrome.ChromeDriverService.access$000(ChromeDriverService.java:37)
at org.openqa.selenium.chrome.ChromeDriverService$Builder.findDefaultExecutable(ChromeDriverService.java:222)
at org.openqa.selenium.remote.service.DriverService$Builder.build(DriverService.java:405)
at org.openqa.selenium.chrome.ChromeDriverService.createDefaultService(ChromeDriverService.java:119)
at org.openqa.selenium.chrome.ChromeDriver.<init>(ChromeDriver.java:105)
at SampleTest.test1(SampleTest.java:9)
at java.util.ArrayList.forEach(ArrayList.java:1257)
... Removed 36 stack frames]]>
    </failure>
  </testcase> <!-- test1 -->
</testsuite>
